
ROM used:   712/8192 (9%)
            712/8192 (9%) including unused fragments

            0.6 Average locations per line
            5.7 Average locations per statement

RAM used:   19/368 (5%) at main() level
            37/368 (10%) worst case

Stack used: 6 worst case (6 in main + 0 for interrupts)
Stack size: 8

Lines Stmts  %   Files
----- ----- ---  -----
   57    25  20  main.c
  661     0   0  C:\Program Files (x86)\PICC\Devices\16F877A.h
  456   100  80  C:\Program Files (x86)\PICC\Drivers\lcd.c
----- -----
 1174   125 Total

Page ROM  %  RAM   Vol Diff  Functions:
---- --- --- ---   --- ----  ----------
0     21   3    1             @delay_ms1
0      8   1    0   297  3.1  @const629
 Inline         3   760  4.5  lcd_read_byte
0     49   7    2   262  3.7  lcd_read_nibble
0     43   6    1   399  2.4  lcd_send_nibble
0     92  13    3   415  3.7  lcd_send_byte
0     61   9    2   704  5.0  lcd_init
0     18   3    4   208  6.3  lcd_gotoxy
0     44   6    1   354  4.7  lcd_putc
0     63   9    4   367  5.0  MAIN
0      6   1    0   331  3.9  @const668
0     77  11    4             @PSTRINGC7_648
0    108  15    4   330  4.5  process_received_data
0      6   1    0             @const670
0     84  12    5             @PSTRINGCN7_648
0     22   3    2             @PSTRINGR_648
0      6   1    0             @const674
 Inline         0             @cinit1

Program metrics:
    Functions               11
    Statements              125
    Comments                227
    Volume (V)              7158
    Difficulty (D)          45.7
    Effort to implement (E) 327105
    Time to implement (T)   5 hours, 3 minutes
    Est Delivered Bugs (B)  2
    Cyclomatic Complexity   12
    Maintainability (MI)    132

 Segment     Used  Free
-----------  ----  ----
00000-00003     4  0  
00004-007FF   708  1336  
00800-00FFF     0  2048  
01000-017FF     0  2048  
01800-01FFF     0  2048  



